[04/28/2016 12:58 PM] - FAIL: IPN Validation Failed /cgi-bin/webscr:www.sandbox.paypal.com
IPN POST Vars from gateway:

IPN Response from gateway Server:
 HTTP/1.1 200 OK
Date: Thu, 28 Apr 2016 12:58:14 GMT
Server: Apache
X-Frame-Options: SAMEORIGIN
Set-Cookie: c9MWDuvPtT9GIMyPc3jwol1VSlO=tQ1ilbqNqVfvm2uwJMXm4LoVrTWvWGM7N8oH6S4e2gXnO52D6Nf0-SRhcEu3EmXJp_e5BgXUj1imzyVcpNiUt0723VOJgFgUUXuOnGOBdANpQWdK-Wxc79tbH010-CkH82UhFBm_KkjMB2COZBJgc1xMrketWewN8mS9ud_0FIHQIjuZRW0vlX1PZPMz2Q4A2_Qgs_Ox3ZWtJ38y5R0UqzcXDctF4t7ma4TktpeyG6QflLBG8Pq2bcv8fRTEZPOQlhwnBophUIKI_PuZ2MESZ6iT_kGQ4WSqID5SJHuPK1XKdMthYBsYFa23Ib59z4YBxoRWjr3GmHtd_xrs-H_rOg5luKSRu5D9981nxQqxRyCt1eE4lBweI_k3BH3gTk5z2bHQOgBsX_dn7ZISn8x4A9F-E4Rmbbv1s8Kb-oPSWfFRO7pqVt1fk_L3jYG; domain=.paypal.com; path=/; Secure; HttpOnly
Set-Cookie: cookie_check=yes; expires=Sun, 26-Apr-2026 12:58:15 GMT; domain=.paypal.com; path=/; Secure; HttpOnly
Set-Cookie: navcmd=_notify-validate; domain=.paypal.com; path=/; Secure; HttpOnly
Set-Cookie: navlns=0.0; expires=Sat, 28-Apr-2018 12:58:15 GMT; domain=.paypal.com; path=/; Secure; HttpOnly
Set-Cookie: Apache=10.72.108.11.1461848294871653; path=/; expires=Sat, 21-Apr-46 12:58:14 GMT
Vary: Accept-Encoding,User-Agent
Connection: close
HTTP_X_PP_AZ_LOCATOR: sandbox.slc
Paypal-Debug-Id: 6fc0705fd129a
Set-Cookie: X-PP-SILOVER=name%3DSANDBOX3.WEB.1%26silo_version%3D1880%26app%3Dappdispatcher%26TIME%3D3859292759%26HTTP_X_PP_AZ_LOCATOR%3Dsandbox.slc; Expires=Thu, 28 Apr 2016 13:28:15 GMT; domain=.paypal.com; path=/; Secure; HttpOnly
Set-Cookie: X-PP-SILOVER=; Expires=Thu, 01 Jan 1970 00:00:01 GMT
Strict-Transport-Security: max-age=14400
Transfer-Encoding: chunked
Content-Type: text/html; charset=UTF-8

7
INVALID
0



[11/08/2019 3:34 PM] - FAIL: IPN Validation Failed /cgi-bin/webscr:www.sandbox.paypal.com
IPN POST Vars from gateway:

IPN Response from gateway Server:
 HTTP/1.1 200 OK
Date: Fri, 08 Nov 2019 15:34:19 GMT
Server: Apache
X-Frame-Options: SAMEORIGIN
Set-Cookie: c9MWDuvPtT9GIMyPc3jwol1VSlO=ARlZrNlU8pouuoowwYlJer-x8F-swqDWol4B-YUFxUk68CUSvFc_08_t6IlLAGogrQu2KKlui9shXcLXC79ISDhmK4vn8DqZwBE37X6UIJ5cf1n2csvXcznrchmP5Y2WhGa28HfFSVCaJUgc_21-OK83xTZ0_QQw_cdmL_8rm-Vt83CkLMVkig8Xhbnsvb4et16Tlvb_PMlwerycB1_VkLsK4IxueBRt4ko4fExKIFBYlYYYk8cGzYMDZm_DOdrr2fFIGQo7rYGFKSwN2Erryq4_dNJOKFwzt6Nc6BV0mL19h1tKj-AfvXHGMrUNx_Kq7i2b98Jxbxoj43Xke7LE9EYor5ibLULz57ISOJ-CaHmUoMGRQa1vsh6u4WIG9dvyLWVOewjwR592_DtMJDBjAK9qjol8cZ8VEknU2H-p0ccV1d8dSu7hTuw2wCe; domain=.paypal.com; path=/; Secure; HttpOnly
Set-Cookie: cookie_check=yes; expires=Mon, 05-Nov-2029 15:34:19 GMT; domain=.paypal.com; path=/; Secure; HttpOnly
Set-Cookie: navcmd=_notify-validate; domain=.paypal.com; path=/; Secure; HttpOnly
Set-Cookie: navlns=0.0; expires=Sun, 07-Nov-2021 15:34:19 GMT; domain=.paypal.com; path=/; Secure; HttpOnly
Set-Cookie: Apache=10.72.108.11.1573227259134953; path=/; expires=Sun, 31-Oct-49 15:34:19 GMT
Vary: Accept-Encoding,User-Agent
Connection: close
HTTP_X_PP_AZ_LOCATOR: sandbox.slc
Paypal-Debug-Id: c0b7bcc61a4ee
Set-Cookie: X-PP-SILOVER=name%3DSANDBOX3.WEB.1%26silo_version%3D1880%26app%3Dappdispatcher%26TIME%3D4220175709%26HTTP_X_PP_AZ_LOCATOR%3Dsandbox.slc; Expires=Fri, 08 Nov 2019 16:04:19 GMT; domain=.paypal.com; path=/; Secure; HttpOnly
Set-Cookie: X-PP-SILOVER=; Expires=Thu, 01 Jan 1970 00:00:01 GMT
Set-Cookie: X-PP-L7=0; domain=.paypal.com; path=/; Secure
Transfer-Encoding: chunked
Content-Type: text/html; charset=UTF-8
Strict-Transport-Security: max-age=63072000

7
INVALID
0



[11/08/2019 3:34 PM] - FAIL: IPN Validation Failed /cgi-bin/webscr:www.sandbox.paypal.com
IPN POST Vars from gateway:

IPN Response from gateway Server:
 HTTP/1.1 200 OK
Date: Fri, 08 Nov 2019 15:34:52 GMT
Server: Apache
X-Frame-Options: SAMEORIGIN
Set-Cookie: c9MWDuvPtT9GIMyPc3jwol1VSlO=PjqWth3LT5uThXvWGexcAlSybrK63PDuLyNUYkZorMpMDqVX5my4o8Gf779K-ZP9oTVFqQ7tpD2QaMgztItYyKtMbcCaSs3qXKV5XKxTTk3nlL6vqkERefp2cnwWLB5wMtLMljPZgadmFlVYJZxASTJOV3ne68xVqIXpKeT3xJ6hGKqwfM2RMTkl9xHredPTqQUVIpKgk3ikA0v-2MlG1XD-kM1B8tvv5VsTT0wxtzRjoVkTwsFF2CXFRKJBe0THfFSQjxUKMgWYQfqN8tDwd1rTBeQ4VqRsi4NPqK8wKyhJhlj3MJeGMvnpWZIqxcvYLrtLIxzxWTv2VeGlgeWbicrJ2KLSZll9HwKFqxu5FOrC4sadW698NvL69PmvT_P7trh6GE4niuea95F_h5FOmfSuG1Upy98-VM_fp59OooYtXpPsVHzi_eqr8Xu; domain=.paypal.com; path=/; Secure; HttpOnly
Set-Cookie: cookie_check=yes; expires=Mon, 05-Nov-2029 15:34:53 GMT; domain=.paypal.com; path=/; Secure; HttpOnly
Set-Cookie: navcmd=_notify-validate; domain=.paypal.com; path=/; Secure; HttpOnly
Set-Cookie: navlns=0.0; expires=Sun, 07-Nov-2021 15:34:53 GMT; domain=.paypal.com; path=/; Secure; HttpOnly
Set-Cookie: Apache=10.72.108.11.1573227292922678; path=/; expires=Sun, 31-Oct-49 15:34:52 GMT
Vary: Accept-Encoding,User-Agent
Connection: close
HTTP_X_PP_AZ_LOCATOR: sandbox.slc
Paypal-Debug-Id: d7835440da7ff
Set-Cookie: X-PP-SILOVER=name%3DSANDBOX3.WEB.1%26silo_version%3D1880%26app%3Dappdispatcher%26TIME%3D478922077%26HTTP_X_PP_AZ_LOCATOR%3Dsandbox.slc; Expires=Fri, 08 Nov 2019 16:04:53 GMT; domain=.paypal.com; path=/; Secure; HttpOnly
Set-Cookie: X-PP-SILOVER=; Expires=Thu, 01 Jan 1970 00:00:01 GMT
Set-Cookie: X-PP-L7=0; domain=.paypal.com; path=/; Secure
Transfer-Encoding: chunked
Content-Type: text/html; charset=UTF-8
Strict-Transport-Security: max-age=63072000

7
INVALID
0



[11/08/2019 3:35 PM] - FAIL: IPN Validation Failed /cgi-bin/webscr:www.sandbox.paypal.com
IPN POST Vars from gateway:

IPN Response from gateway Server:
 HTTP/1.1 200 OK
Date: Fri, 08 Nov 2019 15:35:27 GMT
Server: Apache
X-Frame-Options: SAMEORIGIN
Set-Cookie: c9MWDuvPtT9GIMyPc3jwol1VSlO=Gvz4rF5Htsf-ofjxgaq6sX0OqEP1LZkbv_bRzOsHsp6ItOU6LEwWKaXznzzJ88t_7Hoysi4LpIW8nlj79klM4w5vD9nbJMAZy3GMQuGCfmUe7SiLWs73ns5X73sO-i9ZYT1k9Idymt1YIPlk8KQlnH4pj0nZLbkILMMgBg5V1UTI-jxW5lueYhjM0kPfsTu1xKMEMaWHzEFbfk2qUtx4NFr3zokOTkREwjtr-gPDz-mp1BbkeaKrzvKLbB_wfyDl0Zbqijxw_KbKiOOaX6Aac04rpUYEfZNV1qFPLzfTgdqXqXvh0G2Aup-ysA_O_-Hy7tjuOmBSIN4SA0l0qM0uBtYu373TryGtOU82fGe8-8IWuBhxe8A_nvfdGF5gfr5cLeffw__G8iSH4Co2WyObi_JLDs7xLt3p3vSr-WXZe4wf8rgL-raO5PfUdIu; domain=.paypal.com; path=/; Secure; HttpOnly
Set-Cookie: cookie_check=yes; expires=Mon, 05-Nov-2029 15:35:28 GMT; domain=.paypal.com; path=/; Secure; HttpOnly
Set-Cookie: navcmd=_notify-validate; domain=.paypal.com; path=/; Secure; HttpOnly
Set-Cookie: navlns=0.0; expires=Sun, 07-Nov-2021 15:35:28 GMT; domain=.paypal.com; path=/; Secure; HttpOnly
Set-Cookie: Apache=10.72.108.11.1573227327936921; path=/; expires=Sun, 31-Oct-49 15:35:27 GMT
Vary: Accept-Encoding,User-Agent
Connection: close
HTTP_X_PP_AZ_LOCATOR: sandbox.slc
Paypal-Debug-Id: 11951b39de815
Set-Cookie: X-PP-SILOVER=name%3DSANDBOX3.WEB.1%26silo_version%3D1880%26app%3Dappdispatcher%26TIME%3D1066124637%26HTTP_X_PP_AZ_LOCATOR%3Dsandbox.slc; Expires=Fri, 08 Nov 2019 16:05:28 GMT; domain=.paypal.com; path=/; Secure; HttpOnly
Set-Cookie: X-PP-SILOVER=; Expires=Thu, 01 Jan 1970 00:00:01 GMT
Set-Cookie: X-PP-L7=0; domain=.paypal.com; path=/; Secure
Transfer-Encoding: chunked
Content-Type: text/html; charset=UTF-8
Strict-Transport-Security: max-age=63072000

7
INVALID
0



[11/08/2019 3:36 PM] - FAIL: IPN Validation Failed /cgi-bin/webscr:www.sandbox.paypal.com
IPN POST Vars from gateway:

IPN Response from gateway Server:
 HTTP/1.1 200 OK
Date: Fri, 08 Nov 2019 15:36:42 GMT
Server: Apache
X-Frame-Options: SAMEORIGIN
Set-Cookie: c9MWDuvPtT9GIMyPc3jwol1VSlO=uAtMgH3DjoOJGC2A0YfzpwVykDkdx1ogd-eWq-i1Hl_kHm6pnswB5FnOxJAXeAoyBIAMCaki3FZLWtrjU4-ZR5RSmujq-Ez7cK_2kTJDTT6barZfuSulinEZv8z7aDN17DA3oui8SIbpDwUFqucY4EES4uC8NGXto6HWY0VQIVCjBacMbZ-WLhug0OofpdcSagj-LokYjSWAZnODJEaDgAHbzyLbZCGBEa0foCeFMx66uxIA52M8hAagUfudiYH2RQPmd0Jnyijobh_5nvTd2_eeVBTcmbBrxHf7oTIkklEGDw3eFqzdvD6IdZdkYttk0394KFvHYvMLYyQoJxasA3M2_RBI3xTW2plfi7qamBlu0Prde20msR3JLMomnBdjKB-N0irSuDkeoNgLGUn3hYHbrGuwFbdLhivlWMQmwQ-yCqgivlzXQdobDEy; domain=.paypal.com; path=/; Secure; HttpOnly
Set-Cookie: cookie_check=yes; expires=Mon, 05-Nov-2029 15:36:43 GMT; domain=.paypal.com; path=/; Secure; HttpOnly
Set-Cookie: navcmd=_notify-validate; domain=.paypal.com; path=/; Secure; HttpOnly
Set-Cookie: navlns=0.0; expires=Sun, 07-Nov-2021 15:36:43 GMT; domain=.paypal.com; path=/; Secure; HttpOnly
Set-Cookie: Apache=10.72.108.11.1573227402965965; path=/; expires=Sun, 31-Oct-49 15:36:42 GMT
Vary: Accept-Encoding,User-Agent
Connection: close
HTTP_X_PP_AZ_LOCATOR: sandbox.slc
Paypal-Debug-Id: 5de0ed81e4cbe
Set-Cookie: X-PP-SILOVER=name%3DSANDBOX3.WEB.1%26silo_version%3D1880%26app%3Dappdispatcher%26TIME%3D2324415837%26HTTP_X_PP_AZ_LOCATOR%3Dsandbox.slc; Expires=Fri, 08 Nov 2019 16:06:43 GMT; domain=.paypal.com; path=/; Secure; HttpOnly
Set-Cookie: X-PP-SILOVER=; Expires=Thu, 01 Jan 1970 00:00:01 GMT
Set-Cookie: X-PP-L7=0; domain=.paypal.com; path=/; Secure
Transfer-Encoding: chunked
Content-Type: text/html; charset=UTF-8
Strict-Transport-Security: max-age=63072000

7
INVALID
0



[11/08/2019 3:56 PM] - FAIL: IPN Validation Failed /cgi-bin/webscr:www.sandbox.paypal.com
IPN POST Vars from gateway:

IPN Response from gateway Server:
 HTTP/1.1 200 OK
Date: Fri, 08 Nov 2019 15:56:48 GMT
Server: Apache
X-Frame-Options: SAMEORIGIN
Set-Cookie: c9MWDuvPtT9GIMyPc3jwol1VSlO=0diclBbvy7sHSzyrlR0lMjANUZ7PzSvURiWSTV-GYZ0BiQmz-bjoMmUoNgi3WhVeMFEnI-02YwvmUzsN2XKfF-Gb0NScuODYJXy0EPPs-llZy5fSWbjaFGXQcfi285w59c7vOMZnoFLjxjqZlWDbsQbLSU7vKxfcUcZV28AylBy7HBxic7qm-aYCenU-_bICKATdo6q3LY8HolAo6eUyYSgPQ9FoT_CFRd21Y3o-IjRln3oeN9OAz9YTJMDVsSCWyepHIU6lhyKztrDm6JLPuhqWSCdHsPP06kBDivA8to2yVlnP7RlAq8idtQCHVC2c46CxgIZhdWmfn525Nk-c8Mpq2BRtFUP_5gOE-8mnykn9iNheJboCD05RQuH5Mhw8Bu4DBEFDnyqLXoS-fhqWXGX1NTL1Plu5bWRtunZh6CGGKTYWk6DefH_IA90; domain=.paypal.com; path=/; Secure; HttpOnly
Set-Cookie: cookie_check=yes; expires=Mon, 05-Nov-2029 15:56:49 GMT; domain=.paypal.com; path=/; Secure; HttpOnly
Set-Cookie: navcmd=_notify-validate; domain=.paypal.com; path=/; Secure; HttpOnly
Set-Cookie: navlns=0.0; expires=Sun, 07-Nov-2021 15:56:49 GMT; domain=.paypal.com; path=/; Secure; HttpOnly
Set-Cookie: Apache=10.72.108.11.1573228608736595; path=/; expires=Sun, 31-Oct-49 15:56:48 GMT
Vary: Accept-Encoding,User-Agent
Connection: close
HTTP_X_PP_AZ_LOCATOR: sandbox.slc
Paypal-Debug-Id: 43c8d0b9ac758
Set-Cookie: X-PP-SILOVER=name%3DSANDBOX3.WEB.1%26silo_version%3D1880%26app%3Dappdispatcher%26TIME%3D1083229533%26HTTP_X_PP_AZ_LOCATOR%3Dsandbox.slc; Expires=Fri, 08 Nov 2019 16:26:49 GMT; domain=.paypal.com; path=/; Secure; HttpOnly
Set-Cookie: X-PP-SILOVER=; Expires=Thu, 01 Jan 1970 00:00:01 GMT
Set-Cookie: X-PP-L7=0; domain=.paypal.com; path=/; Secure
Transfer-Encoding: chunked
Content-Type: text/html; charset=UTF-8
Strict-Transport-Security: max-age=63072000

7
INVALID
0



[12/02/2019 4:23 PM] - FAIL: IPN Validation Failed /cgi-bin/webscr:www.sandbox.paypal.com
IPN POST Vars from gateway:

IPN Response from gateway Server:
 HTTP/1.1 200 OK
Cache-Control: max-age=0, no-cache, no-store, must-revalidate
Content-Type: text/html; charset=UTF-8
Date: Mon, 02 Dec 2019 16:23:19 GMT
Paypal-Debug-Id: defc4cb09c0cd
Set-Cookie: c9MWDuvPtT9GIMyPc3jwol1VSlO=awZs48qnNPORhzHVM8CuwLW4NkEUxcc9fiGiaLYbVV07oSjjns9Mx1Aj01l6LI6iexTYxfuS8gEY1nwsSrsDermx_GgNOp-qiHH2gCkRJ-qpZxg1RaF4rfzcGt6JdTEbaXfvjpUYRK6kUC7ANft6v6qP2crGnQnAapQXmfuNciXr6ta5BtGYmZjxbGUAiofDriROeAwX01iB0_WnxsS_Hwlc_l0fFg8SNnzLjoE4VVcz2jl0ZWtvqIuwdokiY8dIOr9jwbSyZXHMD7hG4LeEpfMBzn7OWbGoHBusGYejfQ_uHk12g3k1o__gF6bAgR7fXn-jBW9TrYW7jQ6WB9_6yPCHsh2ACXVdVZyckJpkMU7MqZmzMrEtfja4ADsMJlwACXRLwYZyH7WlyQWFiJrka4MNWiamG4qgpDI6K-j3m9-1OZ8SZ96ECtvxntO; Path=/; Domain=paypal.com; HttpOnly; Secure
Set-Cookie: cookie_check=yes; Path=/; Domain=paypal.com; Expires=Thu, 29 Nov 2029 16:23:20 GMT; HttpOnly; Secure
Set-Cookie: navcmd=_notify-validate; Path=/; Domain=paypal.com; HttpOnly; Secure
Set-Cookie: navlns=0.0; Path=/; Domain=paypal.com; Expires=Wed, 01 Dec 2021 16:23:20 GMT; HttpOnly; Secure
Set-Cookie: Apache=10.72.108.11.1575303799693183; Path=/
Set-Cookie: X-PP-SILOVER=name%3DSANDBOX3.WEB.1%26silo_version%3D880%26app%3Dappdispatcher%26TIME%3D1575303800%26HTTP_X_PP_AZ_LOCATOR%3Dsandbox.slc; Path=/; Domain=paypal.com; Expires=Mon, 02 Dec 2019 16:53:20 GMT; HttpOnly; Secure
Set-Cookie: X-PP-L7=1; Path=/; Domain=paypal.com; Secure
Vary: Accept-Encoding,User-Agent
X-Frame-Options: SAMEORIGIN
Content-Length: 7
Connection: close
Strict-Transport-Security: max-age=63072000

INVALID

