03-19-2023 @ 18:59:45 - 3.1.0 - No subscription webhooks found using API version 3. No updates needed.
03-19-2023 @ 18:59:45 - 4.6.0 upgrade complete from Subscriptions v3.0.9 while WooCommerce WC_VERSION 7.5.0 and database version 6.6.1 was active.
03-19-2023 @ 18:59:45 - Environment info:
03-19-2023 @ 18:59:45 -     WordPress Version : 6.2-RC2
03-19-2023 @ 18:59:45 - Active Plugins:
03-19-2023 @ 18:59:45 -     Query Monitor by John Blackbourn – 3.12.0
03-19-2023 @ 18:59:45 -     Advanced Cron Manager by BracketSpace – 2.5.0
03-19-2023 @ 18:59:45 -     Contact Form 7 by Takayuki Miyoshi – 5.7.3
03-19-2023 @ 18:59:45 -     Custom Post Type UI by WebDevStudios – 1.13.4
03-19-2023 @ 18:59:45 -     Disable Gutenberg by Jeff Starr – 2.8.1
03-19-2023 @ 18:59:45 -     Elementor by Elementor.com – 3.11.5
03-19-2023 @ 18:59:45 -     Loco Translate by Tim Whitlock – 2.6.3
03-19-2023 @ 18:59:45 -     Members by MemberPress – 3.2.4
03-19-2023 @ 18:59:45 -     Ratings & Reviews plugin by salephpscripts.com – 1.3.2
03-19-2023 @ 18:59:45 -     Relative URL ShortCode by Muhammad Sufian – 1.0.0
03-19-2023 @ 18:59:45 -     Shortcoder by Aakash Chakravarthy – 6.1
03-19-2023 @ 18:59:45 -     Web 2.0 Directory plugin by salephpscripts.com – 2.9.17
03-19-2023 @ 18:59:45 -     WooCommerce Stripe Gateway by WooCommerce – 7.2.0
03-19-2023 @ 18:59:45 -     WP Menu Cart by WP Overnight – 2.13.1
03-19-2023 @ 18:59:45 -     WooCommerce Subscriptions by WooCommerce – 4.6.0
03-19-2023 @ 18:59:45 -     WooCommerce by Automattic – 7.5.0
03-19-2023 @ 18:59:45 -     WordPress Beta Tester by Peter Westwood, Andy Fragen – 3.3.2
03-19-2023 @ 18:59:45 -     Yoast SEO by Team Yoast – 20.3
03-19-2023 @ 18:59:45 -     WP Crontrol by John Blackbourn & crontributors – 1.15.2
03-19-2023 @ 18:59:45 -     LightStart - Maintenance Mode, Coming Soon and Landing Page Builder by Themeisle – 2.6.5
